android/app/build/intermediates/manifest_merge_blame_file/debug/manifest-merger-blame-debug-report.txt
1<?xml version="1.0" encoding="utf-8"?>
2<manifest xmlns:android="http://schemas.android.com/apk/res/android"
3    package="com.kswmp"
4    android:versionCode="1"
5    android:versionName="1.0" >
6
7    <uses-sdk
8        android:minSdkVersion="21"
9        android:targetSdkVersion="31" />
10
11    <uses-permission android:name="android.permission.SYSTEM_ALERT_WINDOW" />
11-->src/debug/AndroidManifest.xml:5:5-77
11-->src/debug/AndroidManifest.xml:5:22-75
12    <uses-permission android:name="android.permission.INTERNET" />
12-->src/main/AndroidManifest.xml:4:5-67
12-->src/main/AndroidManifest.xml:4:22-64
13
14    <uses-feature
14-->src/main/AndroidManifest.xml:6:6-8:36
15        android:name="android.hardware.camera"
15-->src/main/AndroidManifest.xml:7:9-47
16        android:required="false" />
16-->src/main/AndroidManifest.xml:8:9-33
17    <uses-feature
17-->src/main/AndroidManifest.xml:9:5-11:36
18        android:name="android.hardware.camera.autofocus"
18-->src/main/AndroidManifest.xml:10:9-57
19        android:required="false" />
19-->src/main/AndroidManifest.xml:11:9-33
20    <uses-feature
20-->src/main/AndroidManifest.xml:12:5-14:36
21        android:name="android.hardware.camera.flash"
21-->src/main/AndroidManifest.xml:13:9-53
22        android:required="false" />
22-->src/main/AndroidManifest.xml:14:9-33
23    <uses-feature android:name="android.hardware.location.gps" />
23-->src/main/AndroidManifest.xml:15:5-66
23-->src/main/AndroidManifest.xml:15:19-63
24
25    <uses-permission android:name="android.permission.ACCESS_FINE_LOCATION" />
25-->src/main/AndroidManifest.xml:17:5-79
25-->src/main/AndroidManifest.xml:17:22-76
26    <uses-permission android:name="android.permission.INTERNET" />
26-->src/main/AndroidManifest.xml:4:5-67
26-->src/main/AndroidManifest.xml:4:22-64
27    <uses-permission android:name="android.permission.CAMERA" />
27-->src/main/AndroidManifest.xml:19:5-64
27-->src/main/AndroidManifest.xml:19:22-62
28    <uses-permission android:name="android.permission.RECORD_AUDIO" />
28-->src/main/AndroidManifest.xml:20:5-70
28-->src/main/AndroidManifest.xml:20:22-68
29    <uses-permission android:name="android.permission.READ_EXTERNAL_STORAGE" />
29-->src/main/AndroidManifest.xml:21:5-80
29-->src/main/AndroidManifest.xml:21:22-77
30    <uses-permission android:name="android.permission.WRITE_EXTERNAL_STORAGE" />
30-->src/main/AndroidManifest.xml:22:5-81
30-->src/main/AndroidManifest.xml:22:22-78
31    <uses-permission android:name="android.permission.ACCESS_COARSE_LOCATION" />
31-->src/main/AndroidManifest.xml:23:5-81
31-->src/main/AndroidManifest.xml:23:22-78
32    <uses-permission android:name="android.permission.ACCESS_NETWORK_STATE" /> <!-- <uses-permission android:name="android.permission.READ_CONTACTS" /> -->
32-->src/main/AndroidManifest.xml:24:5-79
32-->src/main/AndroidManifest.xml:24:22-76
33    <!-- <uses-permission android:name="android.permission.WRITE_EXTERNAL_STORAGE" /> -->
34    <!-- <uses-permission android:name="android.permission.READ_EXTERNAL_STORAGE" /> -->
35    <uses-permission android:name="com.google.android.providers.gsf.permission.READ_GSERVICES" /> <!-- <uses-permission android:name="android.permission.CALL_PHONE" /> -->
35-->src/main/AndroidManifest.xml:28:5-98
35-->src/main/AndroidManifest.xml:28:22-95
36    <uses-permission android:name="com.google.android.c2dm.permission.RECEIVE" />
36-->src/main/AndroidManifest.xml:30:5-82
36-->src/main/AndroidManifest.xml:30:22-79
37    <uses-permission android:name="android.permission.VIBRATE" />
37-->src/main/AndroidManifest.xml:31:5-65
37-->src/main/AndroidManifest.xml:31:22-63
38    <uses-permission android:name="android.permission.ACCESS_WIFI_STATE" />
38-->[com.facebook.flipper:flipper:0.125.0] AndroidManifest.xml:16:5-76
38-->[com.facebook.flipper:flipper:0.125.0] AndroidManifest.xml:16:22-73
39
40    <queries>
40-->[:react-native-image-crop-picker] AndroidManifest.xml:9:5-13:15
41        <intent>
41-->[:react-native-image-crop-picker] AndroidManifest.xml:10:9-12:18
42            <action android:name="android.media.action.IMAGE_CAPTURE" />
42-->[:react-native-image-crop-picker] AndroidManifest.xml:11:13-73
42-->[:react-native-image-crop-picker] AndroidManifest.xml:11:21-70
43        </intent>
44    </queries> <!-- Required to access Google Play Licensing -->
45    <uses-permission android:name="com.android.vending.CHECK_LICENSE" />
45-->[:rn-fetch-blob] AndroidManifest.xml:10:5-73
45-->[:rn-fetch-blob] AndroidManifest.xml:10:22-70
46    <!--
47         Required to keep CPU alive while downloading files
48        (NOT to keep screen awake)
49    -->
50    <uses-permission android:name="android.permission.WAKE_LOCK" />
50-->[:rn-fetch-blob] AndroidManifest.xml:19:5-68
50-->[:rn-fetch-blob] AndroidManifest.xml:19:22-65
51
52    <application
52-->src/main/AndroidManifest.xml:33:5-53:19
53        android:name="com.kswmp.MainApplication"
53-->src/main/AndroidManifest.xml:35:7-38
54        android:allowBackup="false"
54-->src/main/AndroidManifest.xml:39:7-34
55        android:appComponentFactory="androidx.core.app.CoreComponentFactory"
55-->[androidx.core:core:1.7.0] AndroidManifest.xml:24:18-86
56        android:debuggable="true"
57        android:icon="@mipmap/ic_launcher"
57-->src/main/AndroidManifest.xml:37:7-41
58        android:label="@string/app_name"
58-->src/main/AndroidManifest.xml:36:7-39
59        android:requestLegacyExternalStorage="true"
59-->src/main/AndroidManifest.xml:34:7-50
60        android:roundIcon="@mipmap/ic_launcher_round"
60-->src/main/AndroidManifest.xml:38:7-52
61        android:theme="@style/AppTheme"
61-->src/main/AndroidManifest.xml:40:7-38
62        android:usesCleartextTraffic="true" >
62-->src/debug/AndroidManifest.xml:8:9-44
63        <activity
63-->src/debug/AndroidManifest.xml:11:9-111
64            android:name="com.facebook.react.devsupport.DevSettingsActivity"
64-->src/debug/AndroidManifest.xml:11:19-83
65            android:exported="false" />
65-->src/debug/AndroidManifest.xml:11:84-108
66        <activity
66-->src/main/AndroidManifest.xml:41:7-52:18
67            android:name="com.kswmp.MainActivity"
67-->src/main/AndroidManifest.xml:42:9-37
68            android:configChanges="keyboard|keyboardHidden|orientation|screenLayout|screenSize|smallestScreenSize|uiMode"
68-->src/main/AndroidManifest.xml:44:9-118
69            android:exported="true"
69-->src/main/AndroidManifest.xml:47:9-32
70            android:label="@string/app_name"
70-->src/main/AndroidManifest.xml:43:9-41
71            android:launchMode="singleTask"
71-->src/main/AndroidManifest.xml:45:9-40
72            android:windowSoftInputMode="adjustResize" >
72-->src/main/AndroidManifest.xml:46:9-51
73            <intent-filter>
73-->src/main/AndroidManifest.xml:48:9-51:25
74                <action android:name="android.intent.action.MAIN" />
74-->src/main/AndroidManifest.xml:49:13-65
74-->src/main/AndroidManifest.xml:49:21-62
75
76                <category android:name="android.intent.category.LAUNCHER" />
76-->src/main/AndroidManifest.xml:50:13-73
76-->src/main/AndroidManifest.xml:50:23-70
77            </intent-filter>
78        </activity>
79
80        <provider
80-->[:react-native-image-crop-picker] AndroidManifest.xml:18:9-26:20
81            android:name="com.reactnative.ivpusic.imagepicker.IvpusicImagePickerFileProvider"
81-->[:react-native-image-crop-picker] AndroidManifest.xml:19:13-94
82            android:authorities="com.kswmp.provider"
82-->[:react-native-image-crop-picker] AndroidManifest.xml:20:13-60
83            android:exported="false"
83-->[:react-native-image-crop-picker] AndroidManifest.xml:21:13-37
84            android:grantUriPermissions="true" >
84-->[:react-native-image-crop-picker] AndroidManifest.xml:22:13-47
85            <meta-data
85-->[:react-native-image-crop-picker] AndroidManifest.xml:23:13-25:78
86                android:name="android.support.FILE_PROVIDER_PATHS"
86-->[:react-native-image-crop-picker] AndroidManifest.xml:24:17-67
87                android:resource="@xml/ivpusic_imagepicker_provider_paths" />
87-->[:react-native-image-crop-picker] AndroidManifest.xml:25:17-75
88        </provider>
89
90        <activity
90-->[:react-native-image-crop-picker] AndroidManifest.xml:28:9-30:72
91            android:name="com.yalantis.ucrop.UCropActivity"
91-->[:react-native-image-crop-picker] AndroidManifest.xml:29:13-60
92            android:theme="@style/Theme.AppCompat.Light.NoActionBar" />
92-->[:react-native-image-crop-picker] AndroidManifest.xml:30:13-69
93
94        <provider
94-->[:rn-fetch-blob] AndroidManifest.xml:34:9-42:20
95            android:name="com.RNFetchBlob.Utils.FileProvider"
95-->[:rn-fetch-blob] AndroidManifest.xml:35:13-62
96            android:authorities="com.kswmp.provider"
96-->[:rn-fetch-blob] AndroidManifest.xml:36:13-60
97            android:exported="false"
97-->[:rn-fetch-blob] AndroidManifest.xml:37:13-37
98            android:grantUriPermissions="true" >
98-->[:rn-fetch-blob] AndroidManifest.xml:38:13-47
99            <meta-data
99-->[:react-native-image-crop-picker] AndroidManifest.xml:23:13-25:78
100                android:name="android.support.FILE_PROVIDER_PATHS"
100-->[:react-native-image-crop-picker] AndroidManifest.xml:24:17-67
101                android:resource="@xml/provider_paths" />
101-->[:react-native-image-crop-picker] AndroidManifest.xml:25:17-75
102        </provider>
103        <provider
103-->[androidx.emoji2:emoji2:1.0.0] AndroidManifest.xml:26:9-34:20
104            android:name="androidx.startup.InitializationProvider"
104-->[androidx.emoji2:emoji2:1.0.0] AndroidManifest.xml:27:13-67
105            android:authorities="com.kswmp.androidx-startup"
105-->[androidx.emoji2:emoji2:1.0.0] AndroidManifest.xml:28:13-68
106            android:exported="false" >
106-->[androidx.emoji2:emoji2:1.0.0] AndroidManifest.xml:29:13-37
107            <meta-data
107-->[androidx.emoji2:emoji2:1.0.0] AndroidManifest.xml:31:13-33:52
108                android:name="androidx.emoji2.text.EmojiCompatInitializer"
108-->[androidx.emoji2:emoji2:1.0.0] AndroidManifest.xml:32:17-75
109                android:value="androidx.startup" />
109-->[androidx.emoji2:emoji2:1.0.0] AndroidManifest.xml:33:17-49
110            <meta-data
110-->[androidx.lifecycle:lifecycle-process:2.4.0] AndroidManifest.xml:31:13-33:52
111                android:name="androidx.lifecycle.ProcessLifecycleInitializer"
111-->[androidx.lifecycle:lifecycle-process:2.4.0] AndroidManifest.xml:32:17-78
112                android:value="androidx.startup" />
112-->[androidx.lifecycle:lifecycle-process:2.4.0] AndroidManifest.xml:33:17-49
113        </provider>
114    </application>
115
116</manifest>